[06:22:15] [ServerMain/INFO]: Environment: Environment[sessionHost=https://sessionserver.mojang.com, servicesHost=https://api.minecraftservices.com, name=PROD]
[06:22:16] [ServerMain/INFO]: Loaded 1373 recipes
[06:22:16] [Server thread/INFO]: Starting minecraft server version 1.21.5
[06:22:16] [Server thread/INFO]: Loading properties
[06:22:17] [Server thread/INFO]: This server is running CraftBukkit version 4504-Spigot-270012a-dacd062 (MC: 1.21.5) (Implementing API version 1.21.5-R0.1-SNAPSHOT)
[06:22:17] [Server thread/INFO]: *** This version of Spigot contains changes to some enums. If you notice that plugins no longer work after updating, please report this to the developers of those plugins first. ***
[06:22:17] [Server thread/INFO]: *** If you cannot update those plugins, you can try setting `settings.compatibility.enum-compatibility-mode` to `true` in `bukkit.yml`. ***
[06:22:17] [Server thread/INFO]: Server Ping Player Sample Count: 12
[06:22:17] [Server thread/INFO]: Using 4 threads for Netty based IO
[06:22:17] [Server thread/INFO]: Debug logging is disabled
[06:22:17] [Server thread/INFO]: Default game type: SURVIVAL
[06:22:17] [Server thread/INFO]: Generating keypair
[06:22:17] [Server thread/INFO]: Starting Minecraft server on *:25565
[06:22:17] [Server thread/INFO]: Using epoll channel type
[06:22:18] [Server thread/INFO]: [ViaVersion] Loading ViaVersion v5.4.0
[06:22:18] [Server thread/INFO]: [ViaVersion] ViaVersion 5.4.0 is now loaded. Registering protocol transformers and injecting...
[06:22:18] [Via-Mappingloader-0/INFO]: [ViaVersion] Loading block connection mappings ...
[06:22:19] [Via-Mappingloader-0/INFO]: [ViaVersion] Using FastUtil Long2ObjectOpenHashMap for block connections
[06:22:19] [Server thread/INFO]: [ViaBackwards] Loading translations...
[06:22:19] [Server thread/INFO]: [ViaBackwards] Registering protocols...
[06:22:19] [Server thread/INFO]: [floodgate] Loading floodgate v2.2.4-SNAPSHOT (b116-0e3163c)
[06:22:20] [Server thread/INFO]: [floodgate] Took 468ms to boot Floodgate
[06:22:20] [Server thread/INFO]: [ViaBackwards] Loading ViaBackwards v5.4.1-SNAPSHOT
[06:22:20] [Server thread/INFO]: [Geyser-Spigot] Loading Geyser-Spigot v2.7.2-SNAPSHOT
[06:22:20] [Server thread/INFO]: [Geyser-Spigot] Loading extensions...
[06:22:20] [Server thread/INFO]: [Geyser-Spigot] Loaded 0 extension(s)
[06:22:20] [Server thread/WARN]: **** SERVER IS RUNNING IN OFFLINE/INSECURE MODE!
[06:22:20] [Server thread/WARN]: The server will make no attempt to authenticate usernames. Beware.
[06:22:20] [Server thread/WARN]: While this makes the game possible to play without internet access, it also opens up the ability for hackers to connect with any username they choose.
[06:22:20] [Server thread/WARN]: To change this, set "online-mode" to "true" in the server.properties file.
[06:22:20] [Server thread/INFO]: Preparing level "world"
[06:22:20] [Server thread/INFO]: -------- World Settings For [world] --------
[06:22:20] [Server thread/INFO]: Cactus Growth Modifier: 100%
[06:22:20] [Server thread/INFO]: Cane Growth Modifier: 100%
[06:22:20] [Server thread/INFO]: Melon Growth Modifier: 100%
[06:22:20] [Server thread/INFO]: Mushroom Growth Modifier: 100%
[06:22:20] [Server thread/INFO]: Pumpkin Growth Modifier: 100%
[06:22:20] [Server thread/INFO]: Sapling Growth Modifier: 100%
[06:22:20] [Server thread/INFO]: Beetroot Growth Modifier: 100%
[06:22:20] [Server thread/INFO]: Carrot Growth Modifier: 100%
[06:22:20] [Server thread/INFO]: Potato Growth Modifier: 100%
[06:22:20] [Server thread/INFO]: Wheat Growth Modifier: 100%
[06:22:20] [Server thread/INFO]: NetherWart Growth Modifier: 100%
[06:22:20] [Server thread/INFO]: Vine Growth Modifier: 100%
[06:22:20] [Server thread/INFO]: Cocoa Growth Modifier: 100%
[06:22:20] [Server thread/INFO]: Bamboo Growth Modifier: 100%
[06:22:20] [Server thread/INFO]: SweetBerry Growth Modifier: 100%
[06:22:20] [Server thread/INFO]: Kelp Growth Modifier: 100%
[06:22:20] [Server thread/INFO]: TwistingVines Growth Modifier: 100%
[06:22:20] [Server thread/INFO]: WeepingVines Growth Modifier: 100%
[06:22:20] [Server thread/INFO]: CaveVines Growth Modifier: 100%
[06:22:20] [Server thread/INFO]: Entity Activation Range: An 32 / Mo 32 / Ra 48 / Mi 16 / Tiv true / Isa false
[06:22:20] [Server thread/INFO]: Entity Tracking Range: Pl 48 / An 48 / Mo 48 / Mi 32 / Di 128 / Other 64
[06:22:20] [Server thread/INFO]: Hopper Transfer: 8 Hopper Check: 1 Hopper Amount: 1 Hopper Can Load Chunks: false
[06:22:20] [Server thread/INFO]: Mob Spawn Range: 6
[06:22:20] [Server thread/INFO]: Experience Merge Radius: 3.0
[06:22:20] [Server thread/INFO]: Custom Map Seeds:  Village: 10387312 Desert: 14357617 Igloo: 14357618 Jungle: 14357619 Swamp: 14357620 Monument: 10387313 Ocean: 14357621 Shipwreck: 165745295 End City: 10387313 Slime: 987234911 Nether: 30084232 Mansion: 10387319 Fossil: 14357921 Portal: 34222645
[06:22:20] [Server thread/INFO]: Max TNT Explosions: 100
[06:22:20] [Server thread/INFO]: Tile Max Tick Time: 50ms Entity max Tick Time: 50ms
[06:22:20] [Server thread/INFO]: View Distance: 10
[06:22:20] [Server thread/INFO]: Simulation Distance: 10
[06:22:20] [Server thread/INFO]: Item Despawn Rate: 6000
[06:22:20] [Server thread/INFO]: Item Merge Radius: 2.5
[06:22:20] [Server thread/INFO]: Arrow Despawn Rate: 1200 Trident Respawn Rate:1200
[06:22:20] [Server thread/INFO]: Allow Zombie Pigmen to spawn from portal blocks: true
[06:22:20] [Server thread/INFO]: Zombie Aggressive Towards Villager: true
[06:22:20] [Server thread/INFO]: Nerfing mobs spawned from spawners: false
[06:22:21] [Server thread/INFO]: -------- World Settings For [world_nether] --------
[06:22:21] [Server thread/INFO]: Cactus Growth Modifier: 100%
[06:22:21] [Server thread/INFO]: Cane Growth Modifier: 100%
[06:22:21] [Server thread/INFO]: Melon Growth Modifier: 100%
[06:22:21] [Server thread/INFO]: Mushroom Growth Modifier: 100%
[06:22:21] [Server thread/INFO]: Pumpkin Growth Modifier: 100%
[06:22:21] [Server thread/INFO]: Sapling Growth Modifier: 100%
[06:22:21] [Server thread/INFO]: Beetroot Growth Modifier: 100%
[06:22:21] [Server thread/INFO]: Carrot Growth Modifier: 100%
[06:22:21] [Server thread/INFO]: Potato Growth Modifier: 100%
[06:22:21] [Server thread/INFO]: Wheat Growth Modifier: 100%
[06:22:21] [Server thread/INFO]: NetherWart Growth Modifier: 100%
[06:22:21] [Server thread/INFO]: Vine Growth Modifier: 100%
[06:22:21] [Server thread/INFO]: Cocoa Growth Modifier: 100%
[06:22:21] [Server thread/INFO]: Bamboo Growth Modifier: 100%
[06:22:21] [Server thread/INFO]: SweetBerry Growth Modifier: 100%
[06:22:21] [Server thread/INFO]: Kelp Growth Modifier: 100%
[06:22:21] [Server thread/INFO]: TwistingVines Growth Modifier: 100%
[06:22:21] [Server thread/INFO]: WeepingVines Growth Modifier: 100%
[06:22:21] [Server thread/INFO]: CaveVines Growth Modifier: 100%
[06:22:21] [Server thread/INFO]: Entity Activation Range: An 32 / Mo 32 / Ra 48 / Mi 16 / Tiv true / Isa false
[06:22:21] [Server thread/INFO]: Entity Tracking Range: Pl 48 / An 48 / Mo 48 / Mi 32 / Di 128 / Other 64
[06:22:21] [Server thread/INFO]: Hopper Transfer: 8 Hopper Check: 1 Hopper Amount: 1 Hopper Can Load Chunks: false
[06:22:21] [Server thread/INFO]: Mob Spawn Range: 6
[06:22:21] [Server thread/INFO]: Experience Merge Radius: 3.0
[06:22:21] [Server thread/INFO]: Custom Map Seeds:  Village: 10387312 Desert: 14357617 Igloo: 14357618 Jungle: 14357619 Swamp: 14357620 Monument: 10387313 Ocean: 14357621 Shipwreck: 165745295 End City: 10387313 Slime: 987234911 Nether: 30084232 Mansion: 10387319 Fossil: 14357921 Portal: 34222645
[06:22:21] [Server thread/INFO]: Max TNT Explosions: 100
[06:22:21] [Server thread/INFO]: Tile Max Tick Time: 50ms Entity max Tick Time: 50ms
[06:22:21] [Server thread/INFO]: View Distance: 10
[06:22:21] [Server thread/INFO]: Simulation Distance: 10
[06:22:21] [Server thread/INFO]: Item Despawn Rate: 6000
[06:22:21] [Server thread/INFO]: Item Merge Radius: 2.5
[06:22:21] [Server thread/INFO]: Arrow Despawn Rate: 1200 Trident Respawn Rate:1200
[06:22:21] [Server thread/INFO]: Allow Zombie Pigmen to spawn from portal blocks: true
[06:22:21] [Server thread/INFO]: Zombie Aggressive Towards Villager: true
[06:22:21] [Server thread/INFO]: Nerfing mobs spawned from spawners: false
[06:22:21] [Server thread/INFO]: -------- World Settings For [world_the_end] --------
[06:22:21] [Server thread/INFO]: Cactus Growth Modifier: 100%
[06:22:21] [Server thread/INFO]: Cane Growth Modifier: 100%
[06:22:21] [Server thread/INFO]: Melon Growth Modifier: 100%
[06:22:21] [Server thread/INFO]: Mushroom Growth Modifier: 100%
[06:22:21] [Server thread/INFO]: Pumpkin Growth Modifier: 100%
[06:22:21] [Server thread/INFO]: Sapling Growth Modifier: 100%
[06:22:21] [Server thread/INFO]: Beetroot Growth Modifier: 100%
[06:22:21] [Server thread/INFO]: Carrot Growth Modifier: 100%
[06:22:21] [Server thread/INFO]: Potato Growth Modifier: 100%
[06:22:21] [Server thread/INFO]: Wheat Growth Modifier: 100%
[06:22:21] [Server thread/INFO]: NetherWart Growth Modifier: 100%
[06:22:21] [Server thread/INFO]: Vine Growth Modifier: 100%
[06:22:21] [Server thread/INFO]: Cocoa Growth Modifier: 100%
[06:22:21] [Server thread/INFO]: Bamboo Growth Modifier: 100%
[06:22:21] [Server thread/INFO]: SweetBerry Growth Modifier: 100%
[06:22:21] [Server thread/INFO]: Kelp Growth Modifier: 100%
[06:22:21] [Server thread/INFO]: TwistingVines Growth Modifier: 100%
[06:22:21] [Server thread/INFO]: WeepingVines Growth Modifier: 100%
[06:22:21] [Server thread/INFO]: CaveVines Growth Modifier: 100%
[06:22:21] [Server thread/INFO]: Entity Activation Range: An 32 / Mo 32 / Ra 48 / Mi 16 / Tiv true / Isa false
[06:22:21] [Server thread/INFO]: Entity Tracking Range: Pl 48 / An 48 / Mo 48 / Mi 32 / Di 128 / Other 64
[06:22:21] [Server thread/INFO]: Hopper Transfer: 8 Hopper Check: 1 Hopper Amount: 1 Hopper Can Load Chunks: false
[06:22:21] [Server thread/INFO]: Mob Spawn Range: 6
[06:22:21] [Server thread/INFO]: Experience Merge Radius: 3.0
[06:22:21] [Server thread/INFO]: Custom Map Seeds:  Village: 10387312 Desert: 14357617 Igloo: 14357618 Jungle: 14357619 Swamp: 14357620 Monument: 10387313 Ocean: 14357621 Shipwreck: 165745295 End City: 10387313 Slime: 987234911 Nether: 30084232 Mansion: 10387319 Fossil: 14357921 Portal: 34222645
[06:22:21] [Server thread/INFO]: Max TNT Explosions: 100
[06:22:21] [Server thread/INFO]: Tile Max Tick Time: 50ms Entity max Tick Time: 50ms
[06:22:21] [Server thread/INFO]: View Distance: 10
[06:22:21] [Server thread/INFO]: Simulation Distance: 10
[06:22:21] [Server thread/INFO]: Item Despawn Rate: 6000
[06:22:21] [Server thread/INFO]: Item Merge Radius: 2.5
[06:22:21] [Server thread/INFO]: Arrow Despawn Rate: 1200 Trident Respawn Rate:1200
[06:22:21] [Server thread/INFO]: Allow Zombie Pigmen to spawn from portal blocks: true
[06:22:21] [Server thread/INFO]: Zombie Aggressive Towards Villager: true
[06:22:21] [Server thread/INFO]: Nerfing mobs spawned from spawners: false
[06:22:21] [Server thread/INFO]: Preparing start region for dimension minecraft:overworld
[06:22:23] [Worker-Main-1/INFO]: Preparing spawn area: 0%
[06:22:23] [Worker-Main-1/INFO]: Preparing spawn area: 0%
[06:22:23] [Worker-Main-1/INFO]: Preparing spawn area: 0%
[06:22:23] [Worker-Main-1/INFO]: Preparing spawn area: 0%
[06:22:23] [Worker-Main-1/INFO]: Preparing spawn area: 0%
[06:22:23] [Server thread/INFO]: Time elapsed: 2288 ms
[06:22:23] [Server thread/INFO]: Preparing start region for dimension minecraft:the_nether
[06:22:23] [Worker-Main-2/INFO]: Preparing spawn area: 0%
[06:22:23] [Server thread/INFO]: Time elapsed: 97 ms
[06:22:23] [Server thread/INFO]: Preparing start region for dimension minecraft:the_end
[06:22:24] [Worker-Main-3/INFO]: Preparing spawn area: 0%
[06:22:24] [Server thread/INFO]: Time elapsed: 82 ms
[06:22:24] [Server thread/INFO]: [ViaVersion] Enabling ViaVersion v5.4.0
[06:22:24] [Server thread/INFO]: [ViaVersion] ViaVersion detected server version: 1.21.5 (770)
[06:22:24] [Server thread/INFO]: [floodgate] Enabling floodgate v2.2.4-SNAPSHOT (b116-0e3163c)
[06:22:24] [Server thread/INFO]: [ViaBackwards] Enabling ViaBackwards v5.4.1-SNAPSHOT
[06:22:24] [Server thread/INFO]: [Geyser-Spigot] Enabling Geyser-Spigot v2.7.2-SNAPSHOT
[06:22:24] [Server thread/INFO]: Server permissions file permissions.yml is empty, ignoring it
[06:22:24] [Server thread/INFO]: [Geyser-Spigot] ******************************************
[06:22:24] [Server thread/INFO]: [Geyser-Spigot] 
[06:22:24] [Server thread/INFO]: [Geyser-Spigot] Loading Geyser version 2.7.2-b862 (git-master-00ceaa9)
[06:22:24] [Server thread/INFO]: [Geyser-Spigot] 
[06:22:24] [Server thread/INFO]: [Geyser-Spigot] ******************************************
[06:22:28] [epollEventLoopGroup-3-1/INFO]: [Geyser-Spigot] Started Geyser on UDP port 19132
[06:22:28] [Server thread/INFO]: [Geyser-Spigot] Done (3.837s)! Run /geyser help for help!
[06:22:28] [Server thread/INFO]: Done (7.873s)! For help, type "help"
[06:22:28] [Craft Scheduler Thread - 1/INFO]: [ViaVersion] Finished mapping loading, shutting down loader executor.
[06:23:28] [Server thread/INFO]: Server empty for 60 seconds, pausing
[06:23:37] [Server thread/INFO]: Stopping the server
[06:23:37] [Server thread/INFO]: Stopping server
[06:23:37] [Server thread/INFO]: [Geyser-Spigot] Disabling Geyser-Spigot v2.7.2-SNAPSHOT
[06:23:37] [Server thread/INFO]: [Geyser-Spigot] Shutting down Geyser.
[06:23:38] [Server thread/INFO]: [Geyser-Spigot] Geyser shutdown successfully.
[06:23:38] [Server thread/INFO]: [ViaBackwards] Disabling ViaBackwards v5.4.1-SNAPSHOT
[06:23:38] [Server thread/INFO]: [floodgate] Disabling floodgate v2.2.4-SNAPSHOT (b116-0e3163c)
[06:23:38] [Server thread/INFO]: [ViaVersion] Disabling ViaVersion v5.4.0
[06:23:38] [Server thread/INFO]: [ViaVersion] ViaVersion is disabling. If this is a reload and you experience issues, please reboot instead.
[06:23:38] [Server thread/INFO]: [ViaVersion] Empty pipeline, nothing to uninject
[06:23:38] [Server thread/INFO]: [ViaVersion] ViaVersion has been disabled; uninjected the platform and shut down the scheduler.
[06:23:38] [Server thread/INFO]: Saving players
[06:23:38] [Server thread/INFO]: Saving worlds
[06:23:38] [WebSocketConnectReadThread-78/INFO]: [Geyser-Spigot] The skin uploader has been closed
[06:23:38] [Server thread/INFO]: Saving chunks for level 'ServerLevel[world]'/minecraft:overworld
[06:23:38] [Server thread/INFO]: Saving chunks for level 'ServerLevel[world_nether]'/minecraft:the_nether
[06:23:38] [Server thread/INFO]: Saving chunks for level 'ServerLevel[world_the_end]'/minecraft:the_end
[06:23:38] [Server thread/INFO]: ThreadedAnvilChunkStorage (world): All chunks are saved
[06:23:38] [Server thread/INFO]: ThreadedAnvilChunkStorage (DIM-1): All chunks are saved
[06:23:38] [Server thread/INFO]: ThreadedAnvilChunkStorage (DIM1): All chunks are saved
[06:23:38] [Server thread/INFO]: ThreadedAnvilChunkStorage: All dimensions are saved
